<?xml version="1.0" encoding="UTF-8"?>
<testsuite xmlns:xsi="http://www.w3.org/2001/XMLSchema-instance" xsi:noNamespaceSchemaLocation="https://maven.apache.org/surefire/maven-surefire-plugin/xsd/surefire-test-report.xsd" version="3.0.2" name="com.api.app.rest.RestApiApplicationTests" time="2.565" tests="1" errors="0" skipped="0" failures="0">
  <properties>
    <property name="PATH" value="/usr/local/mysql/bin:/Users/oalvarez/.nvm/versions/node/v12.22.12/bin:/opt/homebrew/bin:/opt/homebrew/sbin:/usr/local/bin:/System/Cryptexes/App/usr/bin:/usr/bin:/bin:/usr/sbin:/sbin:/var/run/com.apple.security.cryptexd/codex.system/bootstrap/usr/local/bin:/var/run/com.apple.security.cryptexd/codex.system/bootstrap/usr/bin:/var/run/com.apple.security.cryptexd/codex.system/bootstrap/usr/appleinternal/bin"/>
    <property name="java.specification.version" value="21"/>
    <property name="sun.jnu.encoding" value="UTF-8"/>
    <property name="sun.arch.data.model" value="64"/>
    <property name="java.vendor.url" value="https://github.com/Homebrew/homebrew-core/issues"/>
    <property name="P9K_TTY" value="old"/>
    <property name="PWD" value="/Users/oalvarez/WorkSpaceEspecializacion/rentacar_be"/>
    <property name="APPLICATION_NAME" value="RestApi"/>
    <property name="sun.boot.library.path" value="/opt/homebrew/Cellar/openjdk/21.0.3/libexec/openjdk.jdk/Contents/Home/lib"/>
    <property name="sun.java.command" value="/Users/oalvarez/WorkSpaceEspecializacion/rentacar_be/target/surefire/surefirebooter-20241126002558468_3.jar /Users/oalvarez/WorkSpaceEspecializacion/rentacar_be/target/surefire 2024-11-26T00-25-58_421-jvmRun1 surefire-20241126002558468_1tmp surefire_0-20241126002558468_2tmp"/>
    <property name="NVM_CD_FLAGS" value="-q"/>
    <property name="jdk.debug" value="release"/>
    <property name="PAGER" value="less"/>
    <property name="java.specification.vendor" value="Oracle Corporation"/>
    <property name="HOMEBREW_CELLAR" value="/opt/homebrew/Cellar"/>
    <property name="java.version.date" value="2024-04-16"/>
    <property name="java.home" value="/opt/homebrew/Cellar/openjdk/21.0.3/libexec/openjdk.jdk/Contents/Home"/>
    <property name="ZSH" value="/Users/oalvarez/.oh-my-zsh"/>
    <property name="P9K_SSH" value="0"/>
    <property name="file.separator" value="/"/>
    <property name="basedir" value="/Users/oalvarez/WorkSpaceEspecializacion/rentacar_be"/>
    <property name="java.vm.compressedOopsMode" value="Zero based"/>
    <property name="line.separator" value="&#10;"/>
    <property name="XPC_FLAGS" value="0x0"/>
    <property name="java.vm.specification.vendor" value="Oracle Corporation"/>
    <property name="java.specification.name" value="Java Platform API Specification"/>
    <property name="TERM_SESSION_ID" value="9eb8ae37-77d4-451d-bc43-f8817bf2cb7b"/>
    <property name="LC_CTYPE" value="UTF-8"/>
    <property name="SHLVL" value="2"/>
    <property name="_P9K_SSH_TTY" value="/dev/ttys003"/>
    <property name="sun.management.compiler" value="HotSpot 64-Bit Tiered Compilers"/>
    <property name="java.runtime.version" value="21.0.3"/>
    <property name="JAVA_HOME" value="/opt/homebrew/opt/openjdk/libexec/openjdk.jdk/Contents/Home"/>
    <property name="user.name" value="oalvarez"/>
    <property name="TERM" value="xterm-256color"/>
    <property name="HOMEBREW_PREFIX" value="/opt/homebrew"/>
    <property name="_P9K_TTY" value="/dev/ttys003"/>
    <property name="COMMAND_MODE" value="unix2003"/>
    <property name="file.encoding" value="UTF-8"/>
    <property name="NVM_INC" value="/Users/oalvarez/.nvm/versions/node/v12.22.12/include/node"/>
    <property name="java.vendor.version" value="Homebrew"/>
    <property name="HOMEBREW_REPOSITORY" value="/opt/homebrew"/>
    <property name="localRepository" value="/Users/oalvarez/.m2/repository"/>
    <property name="_" value="/opt/homebrew/Cellar/openjdk/21.0.3/libexec/openjdk.jdk/Contents/Home/bin/java"/>
    <property name="java.io.tmpdir" value="/var/folders/wj/fg53mj6x5t76m9tbv4nkxws40000gn/T/"/>
    <property name="com.zaxxer.hikari.pool_number" value="1"/>
    <property name="java.version" value="21.0.3"/>
    <property name="java.vm.specification.name" value="Java Virtual Machine Specification"/>
    <property name="PID" value="40808"/>
    <property name="MAVEN_PROJECTBASEDIR" value="/Users/oalvarez/WorkSpaceEspecializacion/rentacar_be"/>
    <property name="CONSOLE_LOG_CHARSET" value="UTF-8"/>
    <property name="TERMINAL_EMULATOR" value="JetBrains-JediTerm"/>
    <property name="native.encoding" value="UTF-8"/>
    <property name="java.library.path" value="/Users/oalvarez/Library/Java/Extensions:/Library/Java/Extensions:/Network/Library/Java/Extensions:/System/Library/Java/Extensions:/usr/lib/java:."/>
    <property name="stderr.encoding" value="UTF-8"/>
    <property name="java.vendor" value="Homebrew"/>
    <property name="sun.io.unicode.encoding" value="UnicodeBig"/>
    <property name="socksNonProxyHosts" value="local|*.local|169.254/16|*.169.254/16"/>
    <property name="LOGGED_APPLICATION_NAME" value="[RestApi] "/>
    <property name="NVM_BIN" value="/Users/oalvarez/.nvm/versions/node/v12.22.12/bin"/>
    <property name="DB_PASSWORD" value="Admin123"/>
    <property name="java.class.path" value="/Users/oalvarez/WorkSpaceEspecializacion/rentacar_be/target/test-classes:/Users/oalvarez/WorkSpaceEspecializacion/rentacar_be/target/classes:/Users/oalvarez/.m2/repository/org/springframework/boot/spring-boot-starter-data-jpa/3.4.0/spring-boot-starter-data-jpa-3.4.0.jar:/Users/oalvarez/.m2/repository/org/springframework/boot/spring-boot-starter/3.4.0/spring-boot-starter-3.4.0.jar:/Users/oalvarez/.m2/repository/org/springframework/boot/spring-boot/3.4.0/spring-boot-3.4.0.jar:/Users/oalvarez/.m2/repository/org/springframework/boot/spring-boot-autoconfigure/3.4.0/spring-boot-autoconfigure-3.4.0.jar:/Users/oalvarez/.m2/repository/org/springframework/boot/spring-boot-starter-logging/3.4.0/spring-boot-starter-logging-3.4.0.jar:/Users/oalvarez/.m2/repository/ch/qos/logback/logback-classic/1.5.12/logback-classic-1.5.12.jar:/Users/oalvarez/.m2/repository/ch/qos/logback/logback-core/1.5.12/logback-core-1.5.12.jar:/Users/oalvarez/.m2/repository/org/apache/logging/log4j/log4j-to-slf4j/2.24.1/log4j-to-slf4j-2.24.1.jar:/Users/oalvarez/.m2/repository/org/apache/logging/log4j/log4j-api/2.24.1/log4j-api-2.24.1.jar:/Users/oalvarez/.m2/repository/org/slf4j/jul-to-slf4j/2.0.16/jul-to-slf4j-2.0.16.jar:/Users/oalvarez/.m2/repository/jakarta/annotation/jakarta.annotation-api/2.1.1/jakarta.annotation-api-2.1.1.jar:/Users/oalvarez/.m2/repository/org/yaml/snakeyaml/2.3/snakeyaml-2.3.jar:/Users/oalvarez/.m2/repository/org/springframework/boot/spring-boot-starter-jdbc/3.4.0/spring-boot-starter-jdbc-3.4.0.jar:/Users/oalvarez/.m2/repository/com/zaxxer/HikariCP/5.1.0/HikariCP-5.1.0.jar:/Users/oalvarez/.m2/repository/org/springframework/spring-jdbc/6.2.0/spring-jdbc-6.2.0.jar:/Users/oalvarez/.m2/repository/org/hibernate/orm/hibernate-core/6.6.2.Final/hibernate-core-6.6.2.Final.jar:/Users/oalvarez/.m2/repository/jakarta/persistence/jakarta.persistence-api/3.1.0/jakarta.persistence-api-3.1.0.jar:/Users/oalvarez/.m2/repository/jakarta/transaction/jakarta.transaction-api/2.0.1/jakarta.transaction-api-2.0.1.jar:/Users/oalvarez/.m2/repository/org/jboss/logging/jboss-logging/3.6.1.Final/jboss-logging-3.6.1.Final.jar:/Users/oalvarez/.m2/repository/org/hibernate/common/hibernate-commons-annotations/7.0.3.Final/hibernate-commons-annotations-7.0.3.Final.jar:/Users/oalvarez/.m2/repository/io/smallrye/jandex/3.2.0/jandex-3.2.0.jar:/Users/oalvarez/.m2/repository/com/fasterxml/classmate/1.7.0/classmate-1.7.0.jar:/Users/oalvarez/.m2/repository/net/bytebuddy/byte-buddy/1.15.10/byte-buddy-1.15.10.jar:/Users/oalvarez/.m2/repository/org/glassfish/jaxb/jaxb-runtime/4.0.5/jaxb-runtime-4.0.5.jar:/Users/oalvarez/.m2/repository/org/glassfish/jaxb/jaxb-core/4.0.5/jaxb-core-4.0.5.jar:/Users/oalvarez/.m2/repository/org/eclipse/angus/angus-activation/2.0.2/angus-activation-2.0.2.jar:/Users/oalvarez/.m2/repository/org/glassfish/jaxb/txw2/4.0.5/txw2-4.0.5.jar:/Users/oalvarez/.m2/repository/com/sun/istack/istack-commons-runtime/4.1.2/istack-commons-runtime-4.1.2.jar:/Users/oalvarez/.m2/repository/jakarta/inject/jakarta.inject-api/2.0.1/jakarta.inject-api-2.0.1.jar:/Users/oalvarez/.m2/repository/org/antlr/antlr4-runtime/4.13.0/antlr4-runtime-4.13.0.jar:/Users/oalvarez/.m2/repository/org/springframework/data/spring-data-jpa/3.4.0/spring-data-jpa-3.4.0.jar:/Users/oalvarez/.m2/repository/org/springframework/data/spring-data-commons/3.4.0/spring-data-commons-3.4.0.jar:/Users/oalvarez/.m2/repository/org/springframework/spring-orm/6.2.0/spring-orm-6.2.0.jar:/Users/oalvarez/.m2/repository/org/springframework/spring-context/6.2.0/spring-context-6.2.0.jar:/Users/oalvarez/.m2/repository/org/springframework/spring-aop/6.2.0/spring-aop-6.2.0.jar:/Users/oalvarez/.m2/repository/org/springframework/spring-tx/6.2.0/spring-tx-6.2.0.jar:/Users/oalvarez/.m2/repository/org/springframework/spring-beans/6.2.0/spring-beans-6.2.0.jar:/Users/oalvarez/.m2/repository/org/slf4j/slf4j-api/2.0.16/slf4j-api-2.0.16.jar:/Users/oalvarez/.m2/repository/org/springframework/spring-aspects/6.2.0/spring-aspects-6.2.0.jar:/Users/oalvarez/.m2/repository/org/aspectj/aspectjweaver/1.9.22.1/aspectjweaver-1.9.22.1.jar:/Users/oalvarez/.m2/repository/org/springframework/boot/spring-boot-starter-web/3.4.0/spring-boot-starter-web-3.4.0.jar:/Users/oalvarez/.m2/repository/org/springframework/boot/spring-boot-starter-json/3.4.0/spring-boot-starter-json-3.4.0.jar:/Users/oalvarez/.m2/repository/com/fasterxml/jackson/core/jackson-databind/2.18.1/jackson-databind-2.18.1.jar:/Users/oalvarez/.m2/repository/com/fasterxml/jackson/core/jackson-annotations/2.18.1/jackson-annotations-2.18.1.jar:/Users/oalvarez/.m2/repository/com/fasterxml/jackson/core/jackson-core/2.18.1/jackson-core-2.18.1.jar:/Users/oalvarez/.m2/repository/com/fasterxml/jackson/datatype/jackson-datatype-jdk8/2.18.1/jackson-datatype-jdk8-2.18.1.jar:/Users/oalvarez/.m2/repository/com/fasterxml/jackson/datatype/jackson-datatype-jsr310/2.18.1/jackson-datatype-jsr310-2.18.1.jar:/Users/oalvarez/.m2/repository/com/fasterxml/jackson/module/jackson-module-parameter-names/2.18.1/jackson-module-parameter-names-2.18.1.jar:/Users/oalvarez/.m2/repository/org/springframework/boot/spring-boot-starter-tomcat/3.4.0/spring-boot-starter-tomcat-3.4.0.jar:/Users/oalvarez/.m2/repository/org/apache/tomcat/embed/tomcat-embed-core/10.1.33/tomcat-embed-core-10.1.33.jar:/Users/oalvarez/.m2/repository/org/apache/tomcat/embed/tomcat-embed-el/10.1.33/tomcat-embed-el-10.1.33.jar:/Users/oalvarez/.m2/repository/org/apache/tomcat/embed/tomcat-embed-websocket/10.1.33/tomcat-embed-websocket-10.1.33.jar:/Users/oalvarez/.m2/repository/org/springframework/spring-web/6.2.0/spring-web-6.2.0.jar:/Users/oalvarez/.m2/repository/io/micrometer/micrometer-observation/1.14.1/micrometer-observation-1.14.1.jar:/Users/oalvarez/.m2/repository/io/micrometer/micrometer-commons/1.14.1/micrometer-commons-1.14.1.jar:/Users/oalvarez/.m2/repository/org/springframework/spring-webmvc/6.2.0/spring-webmvc-6.2.0.jar:/Users/oalvarez/.m2/repository/org/springframework/spring-expression/6.2.0/spring-expression-6.2.0.jar:/Users/oalvarez/.m2/repository/io/github/cdimascio/dotenv-java/3.0.0/dotenv-java-3.0.0.jar:/Users/oalvarez/.m2/repository/com/mysql/mysql-connector-j/9.1.0/mysql-connector-j-9.1.0.jar:/Users/oalvarez/.m2/repository/org/projectlombok/lombok/1.18.36/lombok-1.18.36.jar:/Users/oalvarez/.m2/repository/org/springframework/boot/spring-boot-starter-test/3.4.0/spring-boot-starter-test-3.4.0.jar:/Users/oalvarez/.m2/repository/org/springframework/boot/spring-boot-test/3.4.0/spring-boot-test-3.4.0.jar:/Users/oalvarez/.m2/repository/org/springframework/boot/spring-boot-test-autoconfigure/3.4.0/spring-boot-test-autoconfigure-3.4.0.jar:/Users/oalvarez/.m2/repository/com/jayway/jsonpath/json-path/2.9.0/json-path-2.9.0.jar:/Users/oalvarez/.m2/repository/jakarta/xml/bind/jakarta.xml.bind-api/4.0.2/jakarta.xml.bind-api-4.0.2.jar:/Users/oalvarez/.m2/repository/jakarta/activation/jakarta.activation-api/2.1.3/jakarta.activation-api-2.1.3.jar:/Users/oalvarez/.m2/repository/net/minidev/json-smart/2.5.1/json-smart-2.5.1.jar:/Users/oalvarez/.m2/repository/net/minidev/accessors-smart/2.5.1/accessors-smart-2.5.1.jar:/Users/oalvarez/.m2/repository/org/ow2/asm/asm/9.6/asm-9.6.jar:/Users/oalvarez/.m2/repository/org/assertj/assertj-core/3.26.3/assertj-core-3.26.3.jar:/Users/oalvarez/.m2/repository/org/awaitility/awaitility/4.2.2/awaitility-4.2.2.jar:/Users/oalvarez/.m2/repository/org/hamcrest/hamcrest/2.2/hamcrest-2.2.jar:/Users/oalvarez/.m2/repository/org/junit/jupiter/junit-jupiter/5.11.3/junit-jupiter-5.11.3.jar:/Users/oalvarez/.m2/repository/org/junit/jupiter/junit-jupiter-api/5.11.3/junit-jupiter-api-5.11.3.jar:/Users/oalvarez/.m2/repository/org/opentest4j/opentest4j/1.3.0/opentest4j-1.3.0.jar:/Users/oalvarez/.m2/repository/org/junit/platform/junit-platform-commons/1.11.3/junit-platform-commons-1.11.3.jar:/Users/oalvarez/.m2/repository/org/apiguardian/apiguardian-api/1.1.2/apiguardian-api-1.1.2.jar:/Users/oalvarez/.m2/repository/org/junit/jupiter/junit-jupiter-params/5.11.3/junit-jupiter-params-5.11.3.jar:/Users/oalvarez/.m2/repository/org/junit/jupiter/junit-jupiter-engine/5.11.3/junit-jupiter-engine-5.11.3.jar:/Users/oalvarez/.m2/repository/org/junit/platform/junit-platform-engine/1.11.3/junit-platform-engine-1.11.3.jar:/Users/oalvarez/.m2/repository/org/mockito/mockito-core/5.14.2/mockito-core-5.14.2.jar:/Users/oalvarez/.m2/repository/net/bytebuddy/byte-buddy-agent/1.15.10/byte-buddy-agent-1.15.10.jar:/Users/oalvarez/.m2/repository/org/objenesis/objenesis/3.3/objenesis-3.3.jar:/Users/oalvarez/.m2/repository/org/mockito/mockito-junit-jupiter/5.14.2/mockito-junit-jupiter-5.14.2.jar:/Users/oalvarez/.m2/repository/org/skyscreamer/jsonassert/1.5.3/jsonassert-1.5.3.jar:/Users/oalvarez/.m2/repository/com/vaadin/external/google/android-json/0.0.20131108.vaadin1/android-json-0.0.20131108.vaadin1.jar:/Users/oalvarez/.m2/repository/org/springframework/spring-core/6.2.0/spring-core-6.2.0.jar:/Users/oalvarez/.m2/repository/org/springframework/spring-jcl/6.2.0/spring-jcl-6.2.0.jar:/Users/oalvarez/.m2/repository/org/springframework/spring-test/6.2.0/spring-test-6.2.0.jar:/Users/oalvarez/.m2/repository/org/xmlunit/xmlunit-core/2.10.0/xmlunit-core-2.10.0.jar:"/>
    <property name="java.vm.vendor" value="Homebrew"/>
    <property name="DB_USERNAME" value="root"/>
    <property name="user.timezone" value="America/Bogota"/>
    <property name="org.jboss.logging.provider" value="slf4j"/>
    <property name="java.vm.specification.version" value="21"/>
    <property name="os.name" value="Mac OS X"/>
    <property name="LOGNAME" value="oalvarez"/>
    <property name="sun.java.launcher" value="SUN_STANDARD"/>
    <property name="user.country" value="CO"/>
    <property name="INFOPATH" value="/opt/homebrew/share/info:"/>
    <property name="http.nonProxyHosts" value="local|*.local|169.254/16|*.169.254/16"/>
    <property name="SHELL" value="/bin/zsh"/>
    <property name="surefire.test.class.path" value="/Users/oalvarez/WorkSpaceEspecializacion/rentacar_be/target/test-classes:/Users/oalvarez/WorkSpaceEspecializacion/rentacar_be/target/classes:/Users/oalvarez/.m2/repository/org/springframework/boot/spring-boot-starter-data-jpa/3.4.0/spring-boot-starter-data-jpa-3.4.0.jar:/Users/oalvarez/.m2/repository/org/springframework/boot/spring-boot-starter/3.4.0/spring-boot-starter-3.4.0.jar:/Users/oalvarez/.m2/repository/org/springframework/boot/spring-boot/3.4.0/spring-boot-3.4.0.jar:/Users/oalvarez/.m2/repository/org/springframework/boot/spring-boot-autoconfigure/3.4.0/spring-boot-autoconfigure-3.4.0.jar:/Users/oalvarez/.m2/repository/org/springframework/boot/spring-boot-starter-logging/3.4.0/spring-boot-starter-logging-3.4.0.jar:/Users/oalvarez/.m2/repository/ch/qos/logback/logback-classic/1.5.12/logback-classic-1.5.12.jar:/Users/oalvarez/.m2/repository/ch/qos/logback/logback-core/1.5.12/logback-core-1.5.12.jar:/Users/oalvarez/.m2/repository/org/apache/logging/log4j/log4j-to-slf4j/2.24.1/log4j-to-slf4j-2.24.1.jar:/Users/oalvarez/.m2/repository/org/apache/logging/log4j/log4j-api/2.24.1/log4j-api-2.24.1.jar:/Users/oalvarez/.m2/repository/org/slf4j/jul-to-slf4j/2.0.16/jul-to-slf4j-2.0.16.jar:/Users/oalvarez/.m2/repository/jakarta/annotation/jakarta.annotation-api/2.1.1/jakarta.annotation-api-2.1.1.jar:/Users/oalvarez/.m2/repository/org/yaml/snakeyaml/2.3/snakeyaml-2.3.jar:/Users/oalvarez/.m2/repository/org/springframework/boot/spring-boot-starter-jdbc/3.4.0/spring-boot-starter-jdbc-3.4.0.jar:/Users/oalvarez/.m2/repository/com/zaxxer/HikariCP/5.1.0/HikariCP-5.1.0.jar:/Users/oalvarez/.m2/repository/org/springframework/spring-jdbc/6.2.0/spring-jdbc-6.2.0.jar:/Users/oalvarez/.m2/repository/org/hibernate/orm/hibernate-core/6.6.2.Final/hibernate-core-6.6.2.Final.jar:/Users/oalvarez/.m2/repository/jakarta/persistence/jakarta.persistence-api/3.1.0/jakarta.persistence-api-3.1.0.jar:/Users/oalvarez/.m2/repository/jakarta/transaction/jakarta.transaction-api/2.0.1/jakarta.transaction-api-2.0.1.jar:/Users/oalvarez/.m2/repository/org/jboss/logging/jboss-logging/3.6.1.Final/jboss-logging-3.6.1.Final.jar:/Users/oalvarez/.m2/repository/org/hibernate/common/hibernate-commons-annotations/7.0.3.Final/hibernate-commons-annotations-7.0.3.Final.jar:/Users/oalvarez/.m2/repository/io/smallrye/jandex/3.2.0/jandex-3.2.0.jar:/Users/oalvarez/.m2/repository/com/fasterxml/classmate/1.7.0/classmate-1.7.0.jar:/Users/oalvarez/.m2/repository/net/bytebuddy/byte-buddy/1.15.10/byte-buddy-1.15.10.jar:/Users/oalvarez/.m2/repository/org/glassfish/jaxb/jaxb-runtime/4.0.5/jaxb-runtime-4.0.5.jar:/Users/oalvarez/.m2/repository/org/glassfish/jaxb/jaxb-core/4.0.5/jaxb-core-4.0.5.jar:/Users/oalvarez/.m2/repository/org/eclipse/angus/angus-activation/2.0.2/angus-activation-2.0.2.jar:/Users/oalvarez/.m2/repository/org/glassfish/jaxb/txw2/4.0.5/txw2-4.0.5.jar:/Users/oalvarez/.m2/repository/com/sun/istack/istack-commons-runtime/4.1.2/istack-commons-runtime-4.1.2.jar:/Users/oalvarez/.m2/repository/jakarta/inject/jakarta.inject-api/2.0.1/jakarta.inject-api-2.0.1.jar:/Users/oalvarez/.m2/repository/org/antlr/antlr4-runtime/4.13.0/antlr4-runtime-4.13.0.jar:/Users/oalvarez/.m2/repository/org/springframework/data/spring-data-jpa/3.4.0/spring-data-jpa-3.4.0.jar:/Users/oalvarez/.m2/repository/org/springframework/data/spring-data-commons/3.4.0/spring-data-commons-3.4.0.jar:/Users/oalvarez/.m2/repository/org/springframework/spring-orm/6.2.0/spring-orm-6.2.0.jar:/Users/oalvarez/.m2/repository/org/springframework/spring-context/6.2.0/spring-context-6.2.0.jar:/Users/oalvarez/.m2/repository/org/springframework/spring-aop/6.2.0/spring-aop-6.2.0.jar:/Users/oalvarez/.m2/repository/org/springframework/spring-tx/6.2.0/spring-tx-6.2.0.jar:/Users/oalvarez/.m2/repository/org/springframework/spring-beans/6.2.0/spring-beans-6.2.0.jar:/Users/oalvarez/.m2/repository/org/slf4j/slf4j-api/2.0.16/slf4j-api-2.0.16.jar:/Users/oalvarez/.m2/repository/org/springframework/spring-aspects/6.2.0/spring-aspects-6.2.0.jar:/Users/oalvarez/.m2/repository/org/aspectj/aspectjweaver/1.9.22.1/aspectjweaver-1.9.22.1.jar:/Users/oalvarez/.m2/repository/org/springframework/boot/spring-boot-starter-web/3.4.0/spring-boot-starter-web-3.4.0.jar:/Users/oalvarez/.m2/repository/org/springframework/boot/spring-boot-starter-json/3.4.0/spring-boot-starter-json-3.4.0.jar:/Users/oalvarez/.m2/repository/com/fasterxml/jackson/core/jackson-databind/2.18.1/jackson-databind-2.18.1.jar:/Users/oalvarez/.m2/repository/com/fasterxml/jackson/core/jackson-annotations/2.18.1/jackson-annotations-2.18.1.jar:/Users/oalvarez/.m2/repository/com/fasterxml/jackson/core/jackson-core/2.18.1/jackson-core-2.18.1.jar:/Users/oalvarez/.m2/repository/com/fasterxml/jackson/datatype/jackson-datatype-jdk8/2.18.1/jackson-datatype-jdk8-2.18.1.jar:/Users/oalvarez/.m2/repository/com/fasterxml/jackson/datatype/jackson-datatype-jsr310/2.18.1/jackson-datatype-jsr310-2.18.1.jar:/Users/oalvarez/.m2/repository/com/fasterxml/jackson/module/jackson-module-parameter-names/2.18.1/jackson-module-parameter-names-2.18.1.jar:/Users/oalvarez/.m2/repository/org/springframework/boot/spring-boot-starter-tomcat/3.4.0/spring-boot-starter-tomcat-3.4.0.jar:/Users/oalvarez/.m2/repository/org/apache/tomcat/embed/tomcat-embed-core/10.1.33/tomcat-embed-core-10.1.33.jar:/Users/oalvarez/.m2/repository/org/apache/tomcat/embed/tomcat-embed-el/10.1.33/tomcat-embed-el-10.1.33.jar:/Users/oalvarez/.m2/repository/org/apache/tomcat/embed/tomcat-embed-websocket/10.1.33/tomcat-embed-websocket-10.1.33.jar:/Users/oalvarez/.m2/repository/org/springframework/spring-web/6.2.0/spring-web-6.2.0.jar:/Users/oalvarez/.m2/repository/io/micrometer/micrometer-observation/1.14.1/micrometer-observation-1.14.1.jar:/Users/oalvarez/.m2/repository/io/micrometer/micrometer-commons/1.14.1/micrometer-commons-1.14.1.jar:/Users/oalvarez/.m2/repository/org/springframework/spring-webmvc/6.2.0/spring-webmvc-6.2.0.jar:/Users/oalvarez/.m2/repository/org/springframework/spring-expression/6.2.0/spring-expression-6.2.0.jar:/Users/oalvarez/.m2/repository/io/github/cdimascio/dotenv-java/3.0.0/dotenv-java-3.0.0.jar:/Users/oalvarez/.m2/repository/com/mysql/mysql-connector-j/9.1.0/mysql-connector-j-9.1.0.jar:/Users/oalvarez/.m2/repository/org/projectlombok/lombok/1.18.36/lombok-1.18.36.jar:/Users/oalvarez/.m2/repository/org/springframework/boot/spring-boot-starter-test/3.4.0/spring-boot-starter-test-3.4.0.jar:/Users/oalvarez/.m2/repository/org/springframework/boot/spring-boot-test/3.4.0/spring-boot-test-3.4.0.jar:/Users/oalvarez/.m2/repository/org/springframework/boot/spring-boot-test-autoconfigure/3.4.0/spring-boot-test-autoconfigure-3.4.0.jar:/Users/oalvarez/.m2/repository/com/jayway/jsonpath/json-path/2.9.0/json-path-2.9.0.jar:/Users/oalvarez/.m2/repository/jakarta/xml/bind/jakarta.xml.bind-api/4.0.2/jakarta.xml.bind-api-4.0.2.jar:/Users/oalvarez/.m2/repository/jakarta/activation/jakarta.activation-api/2.1.3/jakarta.activation-api-2.1.3.jar:/Users/oalvarez/.m2/repository/net/minidev/json-smart/2.5.1/json-smart-2.5.1.jar:/Users/oalvarez/.m2/repository/net/minidev/accessors-smart/2.5.1/accessors-smart-2.5.1.jar:/Users/oalvarez/.m2/repository/org/ow2/asm/asm/9.6/asm-9.6.jar:/Users/oalvarez/.m2/repository/org/assertj/assertj-core/3.26.3/assertj-core-3.26.3.jar:/Users/oalvarez/.m2/repository/org/awaitility/awaitility/4.2.2/awaitility-4.2.2.jar:/Users/oalvarez/.m2/repository/org/hamcrest/hamcrest/2.2/hamcrest-2.2.jar:/Users/oalvarez/.m2/repository/org/junit/jupiter/junit-jupiter/5.11.3/junit-jupiter-5.11.3.jar:/Users/oalvarez/.m2/repository/org/junit/jupiter/junit-jupiter-api/5.11.3/junit-jupiter-api-5.11.3.jar:/Users/oalvarez/.m2/repository/org/opentest4j/opentest4j/1.3.0/opentest4j-1.3.0.jar:/Users/oalvarez/.m2/repository/org/junit/platform/junit-platform-commons/1.11.3/junit-platform-commons-1.11.3.jar:/Users/oalvarez/.m2/repository/org/apiguardian/apiguardian-api/1.1.2/apiguardian-api-1.1.2.jar:/Users/oalvarez/.m2/repository/org/junit/jupiter/junit-jupiter-params/5.11.3/junit-jupiter-params-5.11.3.jar:/Users/oalvarez/.m2/repository/org/junit/jupiter/junit-jupiter-engine/5.11.3/junit-jupiter-engine-5.11.3.jar:/Users/oalvarez/.m2/repository/org/junit/platform/junit-platform-engine/1.11.3/junit-platform-engine-1.11.3.jar:/Users/oalvarez/.m2/repository/org/mockito/mockito-core/5.14.2/mockito-core-5.14.2.jar:/Users/oalvarez/.m2/repository/net/bytebuddy/byte-buddy-agent/1.15.10/byte-buddy-agent-1.15.10.jar:/Users/oalvarez/.m2/repository/org/objenesis/objenesis/3.3/objenesis-3.3.jar:/Users/oalvarez/.m2/repository/org/mockito/mockito-junit-jupiter/5.14.2/mockito-junit-jupiter-5.14.2.jar:/Users/oalvarez/.m2/repository/org/skyscreamer/jsonassert/1.5.3/jsonassert-1.5.3.jar:/Users/oalvarez/.m2/repository/com/vaadin/external/google/android-json/0.0.20131108.vaadin1/android-json-0.0.20131108.vaadin1.jar:/Users/oalvarez/.m2/repository/org/springframework/spring-core/6.2.0/spring-core-6.2.0.jar:/Users/oalvarez/.m2/repository/org/springframework/spring-jcl/6.2.0/spring-jcl-6.2.0.jar:/Users/oalvarez/.m2/repository/org/springframework/spring-test/6.2.0/spring-test-6.2.0.jar:/Users/oalvarez/.m2/repository/org/xmlunit/xmlunit-core/2.10.0/xmlunit-core-2.10.0.jar:"/>
    <property name="sun.cpu.endian" value="little"/>
    <property name="user.home" value="/Users/oalvarez"/>
    <property name="user.language" value="es"/>
    <property name="OLDPWD" value="/Users/oalvarez/WorkSpaceEspecializacion/rentacar_be"/>
    <property name="TMPDIR" value="/var/folders/wj/fg53mj6x5t76m9tbv4nkxws40000gn/T/"/>
    <property name="FILE_LOG_CHARSET" value="UTF-8"/>
    <property name="java.awt.headless" value="true"/>
    <property name="__CF_USER_TEXT_ENCODING" value="0x1F5:0x0:0x8"/>
    <property name="LESS" value="-R"/>
    <property name="LS_COLORS" value="di=1;36:ln=35:so=32:pi=33:ex=31:bd=34;46:cd=34;43:su=30;41:sg=30;46:tw=30;42:ow=30;43"/>
    <property name="apple.awt.application.name" value="ForkedBooter"/>
    <property name="surefire.real.class.path" value="/Users/oalvarez/WorkSpaceEspecializacion/rentacar_be/target/surefire/surefirebooter-20241126002558468_3.jar"/>
    <property name="MANPATH" value="/Users/oalvarez/.nvm/versions/node/v12.22.12/share/man:/opt/homebrew/share/man::"/>
    <property name="ftp.nonProxyHosts" value="local|*.local|169.254/16|*.169.254/16"/>
    <property name="stdout.encoding" value="UTF-8"/>
    <property name="path.separator" value=":"/>
    <property name="os.version" value="14.3.1"/>
    <property name="java.runtime.name" value="OpenJDK Runtime Environment"/>
    <property name="DB_URL" value="jdbc:mysql://localhost:3306/Rentacar"/>
    <property name="java.vm.name" value="OpenJDK 64-Bit Server VM"/>
    <property name="XPC_SERVICE_NAME" value="0"/>
    <property name="MAVEN_CMD_LINE_ARGS" value=" clean install"/>
    <property name="__CFBundleIdentifier" value="com.jetbrains.intellij"/>
    <property name="java.vendor.url.bug" value="https://github.com/Homebrew/homebrew-core/issues"/>
    <property name="NVM_DIR" value="/Users/oalvarez/.nvm"/>
    <property name="user.dir" value="/Users/oalvarez/WorkSpaceEspecializacion/rentacar_be"/>
    <property name="os.arch" value="aarch64"/>
    <property name="LSCOLORS" value="Gxfxcxdxbxegedabagacad"/>
    <property name="USER" value="oalvarez"/>
    <property name="SSH_AUTH_SOCK" value="/private/tmp/com.apple.launchd.XWe8vqkiUj/Listeners"/>
    <property name="java.vm.info" value="mixed mode, sharing"/>
    <property name="java.vm.version" value="21.0.3"/>
    <property name="java.class.version" value="65.0"/>
    <property name="HOME" value="/Users/oalvarez"/>
  </properties>
  <testcase name="contextLoads" classname="com.api.app.rest.RestApiApplicationTests" time="0.298">
    <system-out><![CDATA[00:25:58.870 [main] INFO org.springframework.test.context.support.AnnotationConfigContextLoaderUtils -- Could not detect default configuration classes for test class [com.api.app.rest.RestApiApplicationTests]: RestApiApplicationTests does not declare any static, non-private, non-final, nested classes annotated with @Configuration.
00:25:58.924 [main] INFO org.springframework.boot.test.context.SpringBootTestContextBootstrapper -- Found @SpringBootConfiguration com.api.app.rest.RestApiApplication for test class com.api.app.rest.RestApiApplicationTests

  .   ____          _            __ _ _
 /\\ / ___'_ __ _ _(_)_ __  __ _ \ \ \ \
( ( )\___ | '_ | '_| | '_ \/ _` | \ \ \ \
 \\/  ___)| |_)| | | | | || (_| |  ) ) ) )
  '  |____| .__|_| |_|_| |_\__, | / / / /
 =========|_|==============|___/=/_/_/_/

 :: Spring Boot ::                (v3.4.0)

2024-11-26T00:25:59.134-05:00  INFO 40808 --- [RestApi] [           main] c.api.app.rest.RestApiApplicationTests   : Starting RestApiApplicationTests using Java 21.0.3 with PID 40808 (started by oalvarez in /Users/oalvarez/WorkSpaceEspecializacion/rentacar_be)
2024-11-26T00:25:59.135-05:00  INFO 40808 --- [RestApi] [           main] c.api.app.rest.RestApiApplicationTests   : No active profile set, falling back to 1 default profile: "default"
2024-11-26T00:25:59.442-05:00  INFO 40808 --- [RestApi] [           main] .s.d.r.c.RepositoryConfigurationDelegate : Bootstrapping Spring Data JPA repositories in DEFAULT mode.
2024-11-26T00:25:59.472-05:00  INFO 40808 --- [RestApi] [           main] .s.d.r.c.RepositoryConfigurationDelegate : Finished Spring Data repository scanning in 24 ms. Found 1 JPA repository interface.
2024-11-26T00:25:59.726-05:00  INFO 40808 --- [RestApi] [           main] o.hibernate.jpa.internal.util.LogHelper  : HHH000204: Processing PersistenceUnitInfo [name: default]
2024-11-26T00:25:59.759-05:00  INFO 40808 --- [RestApi] [           main] org.hibernate.Version                    : HHH000412: Hibernate ORM core version 6.6.2.Final
2024-11-26T00:25:59.778-05:00  INFO 40808 --- [RestApi] [           main] o.h.c.internal.RegionFactoryInitiator    : HHH000026: Second-level cache disabled
2024-11-26T00:25:59.918-05:00  INFO 40808 --- [RestApi] [           main] o.s.o.j.p.SpringPersistenceUnitInfo      : No LoadTimeWeaver setup: ignoring JPA class transformer
2024-11-26T00:25:59.938-05:00  INFO 40808 --- [RestApi] [           main] com.zaxxer.hikari.HikariDataSource       : HikariPool-1 - Starting...
2024-11-26T00:26:00.171-05:00  INFO 40808 --- [RestApi] [           main] com.zaxxer.hikari.pool.HikariPool        : HikariPool-1 - Added connection com.mysql.cj.jdbc.ConnectionImpl@4d4b019e
2024-11-26T00:26:00.172-05:00  INFO 40808 --- [RestApi] [           main] com.zaxxer.hikari.HikariDataSource       : HikariPool-1 - Start completed.
2024-11-26T00:26:00.216-05:00  INFO 40808 --- [RestApi] [           main] org.hibernate.orm.connections.pooling    : HHH10001005: Database info:
	Database JDBC URL [Connecting through datasource 'HikariDataSource (HikariPool-1)']
	Database driver: undefined/unknown
	Database version: 9.1
	Autocommit mode: undefined/unknown
	Isolation level: undefined/unknown
	Minimum pool size: undefined/unknown
	Maximum pool size: undefined/unknown
2024-11-26T00:26:00.602-05:00  INFO 40808 --- [RestApi] [           main] o.h.e.t.j.p.i.JtaPlatformInitiator       : HHH000489: No JTA platform available (set 'hibernate.transaction.jta.platform' to enable JTA platform integration)
2024-11-26T00:26:00.632-05:00  INFO 40808 --- [RestApi] [           main] j.LocalContainerEntityManagerFactoryBean : Initialized JPA EntityManagerFactory for persistence unit 'default'
✅ Succesful connection to Database from .env
2024-11-26T00:26:00.860-05:00  WARN 40808 --- [RestApi] [           main] JpaBaseConfiguration$JpaWebConfiguration : spring.jpa.open-in-view is enabled by default. Therefore, database queries may be performed during view rendering. Explicitly configure spring.jpa.open-in-view to disable this warning
2024-11-26T00:26:01.040-05:00  INFO 40808 --- [RestApi] [           main] c.api.app.rest.RestApiApplicationTests   : Started RestApiApplicationTests in 2.037 seconds (process running for 2.527)
]]></system-out>
    <system-err><![CDATA[Mockito is currently self-attaching to enable the inline-mock-maker. This will no longer work in future releases of the JDK. Please add Mockito as an agent to your build what is described in Mockito's documentation: https://javadoc.io/doc/org.mockito/mockito-core/latest/org/mockito/Mockito.html#0.3
WARNING: A Java agent has been loaded dynamically (/Users/oalvarez/.m2/repository/net/bytebuddy/byte-buddy-agent/1.15.10/byte-buddy-agent-1.15.10.jar)
WARNING: If a serviceability tool is in use, please run with -XX:+EnableDynamicAgentLoading to hide this warning
WARNING: If a serviceability tool is not in use, please run with -Djdk.instrument.traceUsage for more information
WARNING: Dynamic loading of agents will be disallowed by default in a future release
]]></system-err>
  </testcase>
</testsuite>